#! /opt/homebrew/Cellar/icarus-verilog/12.0/bin/vvp
:ivl_version "12.0 (stable)";
:ivl_delay_selection "TYPICAL";
:vpi_time_precision + 0;
:vpi_module "/opt/homebrew/Cellar/icarus-verilog/12.0/lib/ivl/system.vpi";
:vpi_module "/opt/homebrew/Cellar/icarus-verilog/12.0/lib/ivl/vhdl_sys.vpi";
:vpi_module "/opt/homebrew/Cellar/icarus-verilog/12.0/lib/ivl/vhdl_textio.vpi";
:vpi_module "/opt/homebrew/Cellar/icarus-verilog/12.0/lib/ivl/v2005_math.vpi";
:vpi_module "/opt/homebrew/Cellar/icarus-verilog/12.0/lib/ivl/va_math.vpi";
S_0x143304100 .scope module, "and_gate" "and_gate" 2 1;
 .timescale 0 0;
    .port_info 0 /INPUT 1 "A";
    .port_info 1 /INPUT 1 "B";
    .port_info 2 /OUTPUT 1 "Y";
o0x138008010 .functor BUFZ 1, C4<z>; HiZ drive
o0x138008040 .functor BUFZ 1, C4<z>; HiZ drive
L_0x14340d930 .functor AND 1, o0x138008010, o0x138008040, C4<1>, C4<1>;
v0x1433042f0_0 .net "A", 0 0, o0x138008010;  0 drivers
v0x14340d780_0 .net "B", 0 0, o0x138008040;  0 drivers
v0x14340d830_0 .net "Y", 0 0, L_0x14340d930;  1 drivers
# The file index is used to find the file name in the following table.
:file_names 3;
    "N/A";
    "<interactive>";
    "and_gate.v";
