#! /opt/homebrew/Cellar/icarus-verilog/12.0/bin/vvp
:ivl_version "12.0 (stable)";
:ivl_delay_selection "TYPICAL";
:vpi_time_precision + 0;
:vpi_module "/opt/homebrew/Cellar/icarus-verilog/12.0/lib/ivl/system.vpi";
:vpi_module "/opt/homebrew/Cellar/icarus-verilog/12.0/lib/ivl/vhdl_sys.vpi";
:vpi_module "/opt/homebrew/Cellar/icarus-verilog/12.0/lib/ivl/vhdl_textio.vpi";
:vpi_module "/opt/homebrew/Cellar/icarus-verilog/12.0/lib/ivl/v2005_math.vpi";
:vpi_module "/opt/homebrew/Cellar/icarus-verilog/12.0/lib/ivl/va_math.vpi";
S_0x145f04f90 .scope module, "nand_gate" "nand_gate" 2 15;
 .timescale 0 0;
    .port_info 0 /INPUT 1 "A";
    .port_info 1 /INPUT 1 "B";
    .port_info 2 /OUTPUT 1 "Q";
o0x138008010 .functor BUFZ 1, C4<z>; HiZ drive
o0x138008040 .functor BUFZ 1, C4<z>; HiZ drive
L_0x145f153f0 .functor AND 1, o0x138008010, o0x138008040, C4<1>, C4<1>;
L_0x145f154c0 .functor NOT 1, L_0x145f153f0, C4<0>, C4<0>, C4<0>;
v0x145f05150_0 .net "A", 0 0, o0x138008010;  0 drivers
v0x145f151c0_0 .net "B", 0 0, o0x138008040;  0 drivers
v0x145f15260_0 .net "Q", 0 0, L_0x145f154c0;  1 drivers
v0x145f152f0_0 .net *"_ivl_0", 0 0, L_0x145f153f0;  1 drivers
# The file index is used to find the file name in the following table.
:file_names 3;
    "N/A";
    "<interactive>";
    "nand_gate.v";
